[debug] [2019-01-14T15:28:49.741Z] ----------------------------------------------------------------------
[debug] [2019-01-14T15:28:49.744Z] Command:       C:\Program Files\nodejs\node.exe C:\Users\Marco Moretto\AppData\Roaming\npm\node_modules\firebase-tools\lib\bin\firebase.js serve
[debug] [2019-01-14T15:28:49.744Z] CLI Version:   6.2.2
[debug] [2019-01-14T15:28:49.745Z] Platform:      win32
[debug] [2019-01-14T15:28:49.745Z] Node Version:  v10.15.0
[debug] [2019-01-14T15:28:49.746Z] Time:          Mon Jan 14 2019 10:28:49 GMT-0500 (Eastern Standard Time)
[debug] [2019-01-14T15:28:49.746Z] ----------------------------------------------------------------------
[debug] 
[debug] [2019-01-14T15:28:49.760Z] > command requires scopes: ["email","openid","https://www.googleapis.com/auth/cloudplatformprojects.readonly","https://www.googleapis.com/auth/firebase","https://www.googleapis.com/auth/cloud-platform"]
[debug] [2019-01-14T15:28:49.760Z] > authorizing via signed-in user
[debug] [2019-01-14T15:28:49.761Z] [iam] checking project scoreboard-9dfd6 for permissions ["firebase.projects.get"]
[debug] [2019-01-14T15:28:49.764Z] >>> HTTP REQUEST POST https://cloudresourcemanager.googleapis.com/v1/projects/scoreboard-9dfd6:testIamPermissions  

[debug] [2019-01-14T15:28:50.186Z] <<< HTTP RESPONSE 200
[debug] [2019-01-14T15:28:50.188Z] >>> HTTP REQUEST GET https://cloudresourcemanager.googleapis.com/v1/projects/scoreboard-9dfd6  
 
[debug] [2019-01-14T15:28:50.506Z] <<< HTTP RESPONSE 200
[info] 
[info] === Serving from 'C:\Users\Marco Moretto\Documents\Angular\keepScore'...
[info] 
[debug] [2019-01-14T15:28:50.511Z] >>> HTTP REQUEST GET https://mobilesdk-pa.googleapis.com/v1/projects/464242925023/clients/_:getWebAppConfig  
 
[debug] [2019-01-14T15:28:50.779Z] <<< HTTP RESPONSE 200
[info] i  hosting: Serving hosting files from: y
[info] +  hosting: Local server: http://localhost:5000
